<?xml version="1.0" encoding="UTF-8"?><testsuite errors="1" failures="0" name="Enviar un mensaje por Whatsapp" skipped="0" tests="1" time="3.52" timestamp="2019-07-30 02:23:44"><testcase name="Enviar un mensaje"><error message="Could not instantiate class io.appium.java_client.AppiumDriver" type="net.thucydides.core.webdriver.UnsupportedDriverException">Could not instantiate class io.appium.java_client.AppiumDriver</error><system-err>Could not instantiate class io.appium.java_client.AppiumDriver&#13;
tasks.BuscarContacto.performAs(BuscarContacto.java:36)&#13;
steps.StepWhatsapp.busqueElContacto(StepWhatsapp.java:39)&#13;
cucumber.runner.Runner.runPickle(Runner.java:80)&#13;
</system-err></testcase></testsuite>